<?xml version="1.0" encoding="UTF-8"?>
<testsuite xmlns:xsi="http://www.w3.org/2001/XMLSchema-instance" xsi:noNamespaceSchemaLocation="https://maven.apache.org/surefire/maven-surefire-plugin/xsd/surefire-test-report.xsd" name="priv.zujool.AppTest" time="0.024" tests="1" errors="0" skipped="0" failures="0">
  <properties>
    <property name="sun.desktop" value="windows"/>
    <property name="awt.toolkit" value="sun.awt.windows.WToolkit"/>
    <property name="file.encoding.pkg" value="sun.io"/>
    <property name="java.specification.version" value="1.8"/>
    <property name="sun.cpu.isalist" value="amd64"/>
    <property name="sun.jnu.encoding" value="GBK"/>
    <property name="java.class.path" value="D:\Project\zujool-common\target\test-classes;D:\Project\zujool-common\target\classes;C:\Users\zhoujian\.m2\repository\org\apache\commons\commons-lang3\3.4\commons-lang3-3.4.jar;C:\Users\zhoujian\.m2\repository\com\squareup\okhttp3\okhttp\3.8.1\okhttp-3.8.1.jar;C:\Users\zhoujian\.m2\repository\com\squareup\okio\okio\1.13.0\okio-1.13.0.jar;C:\Users\zhoujian\.m2\repository\org\slf4j\slf4j-api\1.7.21\slf4j-api-1.7.21.jar;C:\Users\zhoujian\.m2\repository\org\slf4j\slf4j-log4j12\1.6.1\slf4j-log4j12-1.6.1.jar;C:\Users\zhoujian\.m2\repository\log4j\log4j\1.2.17\log4j-1.2.17.jar;C:\Users\zhoujian\.m2\repository\org\projectlombok\lombok\1.18.12\lombok-1.18.12.jar;C:\Users\zhoujian\.m2\repository\junit\junit\4.11\junit-4.11.jar;C:\Users\zhoujian\.m2\repository\org\hamcrest\hamcrest-core\1.3\hamcrest-core-1.3.jar;"/>
    <property name="java.vm.vendor" value="Oracle Corporation"/>
    <property name="sun.arch.data.model" value="64"/>
    <property name="user.variant" value=""/>
    <property name="java.vendor.url" value="http://java.oracle.com/"/>
    <property name="user.timezone" value="Asia/Shanghai"/>
    <property name="java.vm.specification.version" value="1.8"/>
    <property name="os.name" value="Windows 10"/>
    <property name="user.country" value="CN"/>
    <property name="sun.java.launcher" value="SUN_STANDARD"/>
    <property name="sun.boot.library.path" value="C:\Software\Java\jdk1.8.0_60\jre\bin"/>
    <property name="sun.java.command" value="C:\Users\zhoujian\AppData\Local\Temp\surefire5115563708302923220\surefirebooter8297701577700158761.jar C:\Users\zhoujian\AppData\Local\Temp\surefire5115563708302923220 2020-08-16T00-41-30_713-jvmRun1 surefire8648630701819558468tmp surefire_0979921491741484731tmp"/>
    <property name="surefire.test.class.path" value="D:\Project\zujool-common\target\test-classes;D:\Project\zujool-common\target\classes;C:\Users\zhoujian\.m2\repository\org\apache\commons\commons-lang3\3.4\commons-lang3-3.4.jar;C:\Users\zhoujian\.m2\repository\com\squareup\okhttp3\okhttp\3.8.1\okhttp-3.8.1.jar;C:\Users\zhoujian\.m2\repository\com\squareup\okio\okio\1.13.0\okio-1.13.0.jar;C:\Users\zhoujian\.m2\repository\org\slf4j\slf4j-api\1.7.21\slf4j-api-1.7.21.jar;C:\Users\zhoujian\.m2\repository\org\slf4j\slf4j-log4j12\1.6.1\slf4j-log4j12-1.6.1.jar;C:\Users\zhoujian\.m2\repository\log4j\log4j\1.2.17\log4j-1.2.17.jar;C:\Users\zhoujian\.m2\repository\org\projectlombok\lombok\1.18.12\lombok-1.18.12.jar;C:\Users\zhoujian\.m2\repository\junit\junit\4.11\junit-4.11.jar;C:\Users\zhoujian\.m2\repository\org\hamcrest\hamcrest-core\1.3\hamcrest-core-1.3.jar;"/>
    <property name="sun.cpu.endian" value="little"/>
    <property name="user.home" value="C:\Users\zhoujian"/>
    <property name="user.language" value="zh"/>
    <property name="java.specification.vendor" value="Oracle Corporation"/>
    <property name="java.home" value="C:\Software\Java\jdk1.8.0_60\jre"/>
    <property name="basedir" value="D:\Project\zujool-common"/>
    <property name="file.separator" value="\"/>
    <property name="line.separator" value="&#10;"/>
    <property name="java.vm.specification.vendor" value="Oracle Corporation"/>
    <property name="java.specification.name" value="Java Platform API Specification"/>
    <property name="java.awt.graphicsenv" value="sun.awt.Win32GraphicsEnvironment"/>
    <property name="surefire.real.class.path" value="C:\Users\zhoujian\AppData\Local\Temp\surefire5115563708302923220\surefirebooter8297701577700158761.jar"/>
    <property name="sun.boot.class.path" value="C:\Software\Java\jdk1.8.0_60\jre\lib\resources.jar;C:\Software\Java\jdk1.8.0_60\jre\lib\rt.jar;C:\Software\Java\jdk1.8.0_60\jre\lib\sunrsasign.jar;C:\Software\Java\jdk1.8.0_60\jre\lib\jsse.jar;C:\Software\Java\jdk1.8.0_60\jre\lib\jce.jar;C:\Software\Java\jdk1.8.0_60\jre\lib\charsets.jar;C:\Software\Java\jdk1.8.0_60\jre\lib\jfr.jar;C:\Software\Java\jdk1.8.0_60\jre\classes"/>
    <property name="user.script" value=""/>
    <property name="sun.management.compiler" value="HotSpot 64-Bit Tiered Compilers"/>
    <property name="java.runtime.version" value="1.8.0_60-b27"/>
    <property name="user.name" value="zhoujian"/>
    <property name="path.separator" value=";"/>
    <property name="os.version" value="10.0"/>
    <property name="java.endorsed.dirs" value="C:\Software\Java\jdk1.8.0_60\jre\lib\endorsed"/>
    <property name="java.runtime.name" value="Java(TM) SE Runtime Environment"/>
    <property name="file.encoding" value="GBK"/>
    <property name="java.vm.name" value="Java HotSpot(TM) 64-Bit Server VM"/>
    <property name="localRepository" value="C:\Users\zhoujian\.m2\repository"/>
    <property name="java.vendor.url.bug" value="http://bugreport.sun.com/bugreport/"/>
    <property name="java.io.tmpdir" value="C:\Users\zhoujian\AppData\Local\Temp\"/>
    <property name="idea.version" value="2017.2.5"/>
    <property name="java.version" value="1.8.0_60"/>
    <property name="user.dir" value="D:\Project\zujool-common"/>
    <property name="os.arch" value="amd64"/>
    <property name="java.vm.specification.name" value="Java Virtual Machine Specification"/>
    <property name="java.awt.printerjob" value="sun.awt.windows.WPrinterJob"/>
    <property name="sun.os.patch.level" value=""/>
    <property name="java.library.path" value="C:\Software\Java\jdk1.8.0_60\jre\bin;C:\WINDOWS\Sun\Java\bin;C:\WINDOWS\system32;C:\WINDOWS;C:\WINDOWS\system32;C:\WINDOWS;C:\WINDOWS\System32\Wbem;C:\WINDOWS\System32\WindowsPowerShell\v1.0\;C:\Software\apache-maven-3.3.1\bin;C:\Software\Java\jdk1.7.0_71\bin;C:\Program Files (x86)\NVIDIA Corporation\PhysX\Common;C:\Software\nodejs\;C:\Software\Git\usr\bin;C:\WINDOWS\system32;C:\WINDOWS;C:\WINDOWS\System32\Wbem;C:\WINDOWS\System32\WindowsPowerShell\v1.0\;C:\Software\Git\bin;C:\Software\Java\jdk1.8.0_60\bin;C:\Software\gradle-4.4.1\bin;;C:\WINDOWS\System32\OpenSSH\;C:\Program Files\Docker\Docker\resources\bin;C:\ProgramData\DockerDesktop\version-bin;C:\Software\Python\Python36\Scripts\;C:\Software\Python\Python36\;C:\Users\zhoujian\AppData\Roaming\npm;C:\Users\zhoujian\AppData\Local\Microsoft\WindowsApps;;C:\Software\Microsoft VS Code\bin;."/>
    <property name="java.vm.info" value="mixed mode"/>
    <property name="java.vendor" value="Oracle Corporation"/>
    <property name="java.vm.version" value="25.60-b23"/>
    <property name="java.ext.dirs" value="C:\Software\Java\jdk1.8.0_60\jre\lib\ext;C:\WINDOWS\Sun\Java\lib\ext"/>
    <property name="sun.io.unicode.encoding" value="UnicodeLittle"/>
    <property name="java.class.version" value="52.0"/>
  </properties>
  <testcase name="shouldAnswerWithTrue" classname="priv.zujool.AppTest" time="0.001"/>
</testsuite>